[0.337s] Invoking command in '/home/abey/Desktop/Repos/OtherProjects/ROS2_Husky_UGV/src/husky_nav': PYTHONPATH=/home/abey/Desktop/Repos/OtherProjects/ROS2_Husky_UGV/build/husky_nav/prefix_override:/usr/lib/python3/dist-packages/colcon_core/task/python/colcon_distutils_commands:/home/abey/Desktop/Repos/OtherProjects/ROS2_Husky_UGV/install/husky_nav/lib/python3.10/site-packages:${PYTHONPATH} /usr/bin/python3 -W ignore:setup.py install is deprecated setup.py egg_info --egg-base ../../build/husky_nav build --build-base /home/abey/Desktop/Repos/OtherProjects/ROS2_Husky_UGV/build/husky_nav/build install --record /home/abey/Desktop/Repos/OtherProjects/ROS2_Husky_UGV/build/husky_nav/install.log --single-version-externally-managed install_data
[0.461s] running egg_info
[0.461s] creating ../../build/husky_nav/husky_nav.egg-info
[0.462s] writing ../../build/husky_nav/husky_nav.egg-info/PKG-INFO
[0.462s] writing dependency_links to ../../build/husky_nav/husky_nav.egg-info/dependency_links.txt
[0.462s] writing entry points to ../../build/husky_nav/husky_nav.egg-info/entry_points.txt
[0.462s] writing requirements to ../../build/husky_nav/husky_nav.egg-info/requires.txt
[0.462s] writing top-level names to ../../build/husky_nav/husky_nav.egg-info/top_level.txt
[0.462s] writing manifest file '../../build/husky_nav/husky_nav.egg-info/SOURCES.txt'
[0.462s] reading manifest file '../../build/husky_nav/husky_nav.egg-info/SOURCES.txt'
[0.462s] adding license file 'LICENSE'
[0.462s] writing manifest file '../../build/husky_nav/husky_nav.egg-info/SOURCES.txt'
[0.462s] running build
[0.462s] running install
[0.462s] running install_data
[0.462s] creating /home/abey/Desktop/Repos/OtherProjects/ROS2_Husky_UGV/install/husky_nav/share/husky_nav/launch
[0.463s] copying launch/husky_gazebo.launch.py -> /home/abey/Desktop/Repos/OtherProjects/ROS2_Husky_UGV/install/husky_nav/share/husky_nav/launch
[0.463s] running install_egg_info
[0.464s] Copying ../../build/husky_nav/husky_nav.egg-info to /home/abey/Desktop/Repos/OtherProjects/ROS2_Husky_UGV/install/husky_nav/lib/python3.10/site-packages/husky_nav-0.0.1-py3.10.egg-info
[0.464s] running install_scripts
[0.475s] writing list of installed files to '/home/abey/Desktop/Repos/OtherProjects/ROS2_Husky_UGV/build/husky_nav/install.log'
[0.488s] Invoked command in '/home/abey/Desktop/Repos/OtherProjects/ROS2_Husky_UGV/src/husky_nav' returned '0': PYTHONPATH=/home/abey/Desktop/Repos/OtherProjects/ROS2_Husky_UGV/build/husky_nav/prefix_override:/usr/lib/python3/dist-packages/colcon_core/task/python/colcon_distutils_commands:/home/abey/Desktop/Repos/OtherProjects/ROS2_Husky_UGV/install/husky_nav/lib/python3.10/site-packages:${PYTHONPATH} /usr/bin/python3 -W ignore:setup.py install is deprecated setup.py egg_info --egg-base ../../build/husky_nav build --build-base /home/abey/Desktop/Repos/OtherProjects/ROS2_Husky_UGV/build/husky_nav/build install --record /home/abey/Desktop/Repos/OtherProjects/ROS2_Husky_UGV/build/husky_nav/install.log --single-version-externally-managed install_data
